{
  "stats": {
    "suites": 7,
    "tests": 14,
    "passes": 14,
    "pending": 0,
    "failures": 0,
    "start": "2023-09-20T10:48:25.132Z",
    "end": "2023-09-20T10:48:32.965Z",
    "duration": 7833,
    "testsRegistered": 14,
    "passPercent": 100,
    "pendingPercent": 0,
    "other": 0,
    "hasOther": false,
    "skipped": 0,
    "hasSkipped": false
  },
  "results": [
    {
      "uuid": "62826779-0adc-472b-894a-e3ea80003170",
      "title": "",
      "fullFile": "cypress\\e2e\\Integration\\Test.cy.js",
      "file": "cypress\\e2e\\Integration\\Test.cy.js",
      "beforeHooks": [],
      "afterHooks": [],
      "tests": [],
      "suites": [
        {
          "uuid": "5e3bd5db-2325-4c7e-8692-71097e21270f",
          "title": "Login , Add to cart , checkout , logout ",
          "fullFile": "",
          "file": "",
          "beforeHooks": [],
          "afterHooks": [],
          "tests": [],
          "suites": [
            {
              "uuid": "b0ec496b-59cd-47fe-bd04-8cc203a246a0",
              "title": "LOGIN",
              "fullFile": "",
              "file": "",
              "beforeHooks": [],
              "afterHooks": [],
              "tests": [
                {
                  "title": "Login to the website",
                  "fullTitle": "Login , Add to cart , checkout , logout  LOGIN Login to the website",
                  "timedOut": null,
                  "duration": 4041,
                  "state": "passed",
                  "speed": "fast",
                  "pass": true,
                  "fail": false,
                  "pending": false,
                  "context": null,
                  "code": "loginpage.navigate();\ncy.log(\"Navigated to the website\");\nloginpage.EnterUserName('standard_user');\ncy.log(\"EnterUsername\");\nloginpage.EnterPassword('secret_sauce');\ncy.log(\"Enter Passowrd\");\nloginpage.ClickOnLogin();\ncy.log(\"Click on Login\");",
                  "err": {},
                  "uuid": "8972cd05-58dc-496f-82ff-7e47279a2a17",
                  "parentUUID": "b0ec496b-59cd-47fe-bd04-8cc203a246a0",
                  "isHook": false,
                  "skipped": false
                },
                {
                  "title": "Assert on the page title ",
                  "fullTitle": "Login , Add to cart , checkout , logout  LOGIN Assert on the page title ",
                  "timedOut": null,
                  "duration": 24,
                  "state": "passed",
                  "speed": "fast",
                  "pass": true,
                  "fail": false,
                  "pending": false,
                  "context": null,
                  "code": "Inventorypage.ValidatePageTitle('Products');",
                  "err": {},
                  "uuid": "55dde69d-c32b-440a-8063-788344229e66",
                  "parentUUID": "b0ec496b-59cd-47fe-bd04-8cc203a246a0",
                  "isHook": false,
                  "skipped": false
                }
              ],
              "suites": [],
              "passes": [
                "8972cd05-58dc-496f-82ff-7e47279a2a17",
                "55dde69d-c32b-440a-8063-788344229e66"
              ],
              "failures": [],
              "pending": [],
              "skipped": [],
              "duration": 4065,
              "root": false,
              "rootEmpty": false,
              "_timeout": 2000
            },
            {
              "uuid": "fd6cc49d-36d1-428d-9a8e-25f6079bf545",
              "title": "ADD ITEMS TO THE CART",
              "fullFile": "",
              "file": "",
              "beforeHooks": [],
              "afterHooks": [],
              "tests": [
                {
                  "title": "Add First item to the  cart ",
                  "fullTitle": "Login , Add to cart , checkout , logout  ADD ITEMS TO THE CART Add First item to the  cart ",
                  "timedOut": null,
                  "duration": 127,
                  "state": "passed",
                  "speed": "fast",
                  "pass": true,
                  "fail": false,
                  "pending": false,
                  "context": null,
                  "code": "Inventorypage.AddFirstItemtoCart();",
                  "err": {},
                  "uuid": "8b03665f-f775-405b-9adc-07d5859b2f0f",
                  "parentUUID": "fd6cc49d-36d1-428d-9a8e-25f6079bf545",
                  "isHook": false,
                  "skipped": false
                },
                {
                  "title": "Add Second item to the  cart ",
                  "fullTitle": "Login , Add to cart , checkout , logout  ADD ITEMS TO THE CART Add Second item to the  cart ",
                  "timedOut": null,
                  "duration": 92,
                  "state": "passed",
                  "speed": "fast",
                  "pass": true,
                  "fail": false,
                  "pending": false,
                  "context": null,
                  "code": "Inventorypage.AddSecondItemtoCart();",
                  "err": {},
                  "uuid": "c9f7c785-57ab-4e7e-aa48-d71e5f04909c",
                  "parentUUID": "fd6cc49d-36d1-428d-9a8e-25f6079bf545",
                  "isHook": false,
                  "skipped": false
                },
                {
                  "title": "Add third item to the  cart ",
                  "fullTitle": "Login , Add to cart , checkout , logout  ADD ITEMS TO THE CART Add third item to the  cart ",
                  "timedOut": null,
                  "duration": 95,
                  "state": "passed",
                  "speed": "fast",
                  "pass": true,
                  "fail": false,
                  "pending": false,
                  "context": null,
                  "code": "Inventorypage.AddThirdItemtoCart();",
                  "err": {},
                  "uuid": "c8fd82a7-ca9e-4f67-91eb-c1aefdfe3956",
                  "parentUUID": "fd6cc49d-36d1-428d-9a8e-25f6079bf545",
                  "isHook": false,
                  "skipped": false
                },
                {
                  "title": "Click on the shoppingg cart ",
                  "fullTitle": "Login , Add to cart , checkout , logout  ADD ITEMS TO THE CART Click on the shoppingg cart ",
                  "timedOut": null,
                  "duration": 96,
                  "state": "passed",
                  "speed": "fast",
                  "pass": true,
                  "fail": false,
                  "pending": false,
                  "context": null,
                  "code": "Inventorypage.ClickOnshopping();",
                  "err": {},
                  "uuid": "1ddc2f26-251f-45a6-b25b-2f4f3e7234e6",
                  "parentUUID": "fd6cc49d-36d1-428d-9a8e-25f6079bf545",
                  "isHook": false,
                  "skipped": false
                }
              ],
              "suites": [],
              "passes": [
                "8b03665f-f775-405b-9adc-07d5859b2f0f",
                "c9f7c785-57ab-4e7e-aa48-d71e5f04909c",
                "c8fd82a7-ca9e-4f67-91eb-c1aefdfe3956",
                "1ddc2f26-251f-45a6-b25b-2f4f3e7234e6"
              ],
              "failures": [],
              "pending": [],
              "skipped": [],
              "duration": 410,
              "root": false,
              "rootEmpty": false,
              "_timeout": 2000
            },
            {
              "uuid": "2b6dcf3c-f517-4f1f-8b44-2947a100b027",
              "title": " Click on Checkout btn ",
              "fullFile": "",
              "file": "",
              "beforeHooks": [],
              "afterHooks": [],
              "tests": [
                {
                  "title": "Cick on checkout",
                  "fullTitle": "Login , Add to cart , checkout , logout   Click on Checkout btn  Cick on checkout",
                  "timedOut": null,
                  "duration": 92,
                  "state": "passed",
                  "speed": "fast",
                  "pass": true,
                  "fail": false,
                  "pending": false,
                  "context": null,
                  "code": "Shoppingcart.ClickOnCheckout();",
                  "err": {},
                  "uuid": "a4aa3dfc-b2f8-4f1a-9d9a-68b70525e135",
                  "parentUUID": "2b6dcf3c-f517-4f1f-8b44-2947a100b027",
                  "isHook": false,
                  "skipped": false
                }
              ],
              "suites": [],
              "passes": [
                "a4aa3dfc-b2f8-4f1a-9d9a-68b70525e135"
              ],
              "failures": [],
              "pending": [],
              "skipped": [],
              "duration": 92,
              "root": false,
              "rootEmpty": false,
              "_timeout": 2000
            },
            {
              "uuid": "f29f715c-cd93-40ea-90e9-7519921ada92",
              "title": " Checkout Data-Step-one ",
              "fullFile": "",
              "file": "",
              "beforeHooks": [],
              "afterHooks": [],
              "tests": [
                {
                  "title": "EnterFirstName",
                  "fullTitle": "Login , Add to cart , checkout , logout   Checkout Data-Step-one  EnterFirstName",
                  "timedOut": null,
                  "duration": 346,
                  "state": "passed",
                  "speed": "fast",
                  "pass": true,
                  "fail": false,
                  "pending": false,
                  "context": null,
                  "code": "checkoutstepone.EnterFirstName(\"TestFirstname\");",
                  "err": {},
                  "uuid": "4d53cd02-50e5-4762-a8f0-c269d32bfa54",
                  "parentUUID": "f29f715c-cd93-40ea-90e9-7519921ada92",
                  "isHook": false,
                  "skipped": false
                },
                {
                  "title": "EnterLastName",
                  "fullTitle": "Login , Add to cart , checkout , logout   Checkout Data-Step-one  EnterLastName",
                  "timedOut": null,
                  "duration": 311,
                  "state": "passed",
                  "speed": "fast",
                  "pass": true,
                  "fail": false,
                  "pending": false,
                  "context": null,
                  "code": "checkoutstepone.EnterLastName(\"TestLsatName\");",
                  "err": {},
                  "uuid": "d9e6e622-bf0a-43ac-9148-ead38db33f9c",
                  "parentUUID": "f29f715c-cd93-40ea-90e9-7519921ada92",
                  "isHook": false,
                  "skipped": false
                },
                {
                  "title": "EnterPostalCode",
                  "fullTitle": "Login , Add to cart , checkout , logout   Checkout Data-Step-one  EnterPostalCode",
                  "timedOut": null,
                  "duration": 223,
                  "state": "passed",
                  "speed": "fast",
                  "pass": true,
                  "fail": false,
                  "pending": false,
                  "context": null,
                  "code": "checkoutstepone.EnterZipCode(\"11221\");",
                  "err": {},
                  "uuid": "7c02d9b3-1793-4a1a-a265-3678401fc092",
                  "parentUUID": "f29f715c-cd93-40ea-90e9-7519921ada92",
                  "isHook": false,
                  "skipped": false
                },
                {
                  "title": "ClickOnContinue",
                  "fullTitle": "Login , Add to cart , checkout , logout   Checkout Data-Step-one  ClickOnContinue",
                  "timedOut": null,
                  "duration": 98,
                  "state": "passed",
                  "speed": "fast",
                  "pass": true,
                  "fail": false,
                  "pending": false,
                  "context": null,
                  "code": "checkoutstepone.ClickOnContinue();",
                  "err": {},
                  "uuid": "41d083c0-4187-431a-be89-037733cddb79",
                  "parentUUID": "f29f715c-cd93-40ea-90e9-7519921ada92",
                  "isHook": false,
                  "skipped": false
                }
              ],
              "suites": [],
              "passes": [
                "4d53cd02-50e5-4762-a8f0-c269d32bfa54",
                "d9e6e622-bf0a-43ac-9148-ead38db33f9c",
                "7c02d9b3-1793-4a1a-a265-3678401fc092",
                "41d083c0-4187-431a-be89-037733cddb79"
              ],
              "failures": [],
              "pending": [],
              "skipped": [],
              "duration": 978,
              "root": false,
              "rootEmpty": false,
              "_timeout": 2000
            },
            {
              "uuid": "1dbf81ad-d6f1-4ad2-91ea-73c37197b86e",
              "title": " Checkout Data-Step-two ",
              "fullFile": "",
              "file": "",
              "beforeHooks": [],
              "afterHooks": [],
              "tests": [
                {
                  "title": "EnterFirstName",
                  "fullTitle": "Login , Add to cart , checkout , logout   Checkout Data-Step-two  EnterFirstName",
                  "timedOut": null,
                  "duration": 102,
                  "state": "passed",
                  "speed": "fast",
                  "pass": true,
                  "fail": false,
                  "pending": false,
                  "context": null,
                  "code": "checkoutsteptwo.ClickOnFinish();",
                  "err": {},
                  "uuid": "d8b78ec9-8f9d-478c-90d1-ff0e3fa336ec",
                  "parentUUID": "1dbf81ad-d6f1-4ad2-91ea-73c37197b86e",
                  "isHook": false,
                  "skipped": false
                }
              ],
              "suites": [],
              "passes": [
                "d8b78ec9-8f9d-478c-90d1-ff0e3fa336ec"
              ],
              "failures": [],
              "pending": [],
              "skipped": [],
              "duration": 102,
              "root": false,
              "rootEmpty": false,
              "_timeout": 2000
            },
            {
              "uuid": "d581a69f-5d49-41e6-97d9-e42a2dba8ca3",
              "title": "Compelte Checkout ",
              "fullFile": "",
              "file": "",
              "beforeHooks": [],
              "afterHooks": [],
              "tests": [
                {
                  "title": "ValidateON",
                  "fullTitle": "Login , Add to cart , checkout , logout  Compelte Checkout  ValidateON",
                  "timedOut": null,
                  "duration": 12,
                  "state": "passed",
                  "speed": "fast",
                  "pass": true,
                  "fail": false,
                  "pending": false,
                  "context": null,
                  "code": "checkoutcomplete.ValidateOnConfirmText(\"Thank you for your order!\");",
                  "err": {},
                  "uuid": "05b9b4fb-28e7-419b-b9a9-9eba9962081a",
                  "parentUUID": "d581a69f-5d49-41e6-97d9-e42a2dba8ca3",
                  "isHook": false,
                  "skipped": false
                },
                {
                  "title": "GotoHomePage",
                  "fullTitle": "Login , Add to cart , checkout , logout  Compelte Checkout  GotoHomePage",
                  "timedOut": null,
                  "duration": 110,
                  "state": "passed",
                  "speed": "fast",
                  "pass": true,
                  "fail": false,
                  "pending": false,
                  "context": null,
                  "code": "checkoutcomplete.BackToHomeScreen();",
                  "err": {},
                  "uuid": "80886818-5dd0-4590-a3e2-2da70881f94e",
                  "parentUUID": "d581a69f-5d49-41e6-97d9-e42a2dba8ca3",
                  "isHook": false,
                  "skipped": false
                }
              ],
              "suites": [],
              "passes": [
                "05b9b4fb-28e7-419b-b9a9-9eba9962081a",
                "80886818-5dd0-4590-a3e2-2da70881f94e"
              ],
              "failures": [],
              "pending": [],
              "skipped": [],
              "duration": 122,
              "root": false,
              "rootEmpty": false,
              "_timeout": 2000
            }
          ],
          "passes": [],
          "failures": [],
          "pending": [],
          "skipped": [],
          "duration": 0,
          "root": false,
          "rootEmpty": false,
          "_timeout": 2000
        }
      ],
      "passes": [],
      "failures": [],
      "pending": [],
      "skipped": [],
      "duration": 0,
      "root": true,
      "rootEmpty": true,
      "_timeout": 2000
    }
  ],
  "meta": {
    "mocha": {
      "version": "7.0.1"
    },
    "mochawesome": {
      "options": {
        "quiet": false,
        "reportFilename": "mochawesome",
        "saveHtml": true,
        "saveJson": true,
        "consoleReporter": "spec",
        "useInlineDiffs": false,
        "code": true
      },
      "version": "7.1.3"
    },
    "marge": {
      "options": {
        "reportDir": "cypress/results",
        "overwrite": true,
        "html": true,
        "json": true
      },
      "version": "6.2.0"
    }
  }
}